<?xml version="1.0" encoding="UTF-8"?>
<testng-results skipped="42" failed="0" total="42" passed="0">
  <reporter-output>
  </reporter-output>
  <suite name="Guru 99 Bank" duration-ms="8940" started-at="2015-08-15T17:41:22Z" finished-at="2015-08-15T17:41:31Z">
    <groups>
    </groups>
    <test name="Regrassion Test" duration-ms="8940" started-at="2015-08-15T17:41:22Z" finished-at="2015-08-15T17:41:31Z">
      <class name="tests.BalanceEnquiryTest">
        <test-method status="SKIP" signature="testInvalidAccountBalanceEnquiry()[pri:0, instance:tests.BalanceEnquiryTest@1c53fd30]" name="testInvalidAccountBalanceEnquiry" duration-ms="0" started-at="2015-08-15T13:41:31Z" finished-at="2015-08-15T13:41:31Z">
          <reporter-output>
          </reporter-output>
        </test-method> <!-- testInvalidAccountBalanceEnquiry -->
        <test-method status="SKIP" signature="testValidAccountBalanceEnquiry()[pri:0, instance:tests.BalanceEnquiryTest@1c53fd30]" name="testValidAccountBalanceEnquiry" duration-ms="0" started-at="2015-08-15T13:41:31Z" finished-at="2015-08-15T13:41:31Z">
          <reporter-output>
          </reporter-output>
        </test-method> <!-- testValidAccountBalanceEnquiry -->
      </class> <!-- tests.BalanceEnquiryTest -->
      <class name="tests.DeleteAccountTest">
        <test-method status="SKIP" signature="testDeleteInvalidAccount()[pri:0, instance:tests.DeleteAccountTest@73035e27]" name="testDeleteInvalidAccount" duration-ms="1" started-at="2015-08-15T13:41:31Z" finished-at="2015-08-15T13:41:31Z">
          <reporter-output>
          </reporter-output>
        </test-method> <!-- testDeleteInvalidAccount -->
        <test-method status="SKIP" signature="testUndeleteValidAccount()[pri:0, instance:tests.DeleteAccountTest@73035e27]" name="testUndeleteValidAccount" duration-ms="0" started-at="2015-08-15T13:41:31Z" finished-at="2015-08-15T13:41:31Z">
          <reporter-output>
          </reporter-output>
        </test-method> <!-- testUndeleteValidAccount -->
      </class> <!-- tests.DeleteAccountTest -->
      <class name="tests.NewCustomerTest">
        <test-method status="SKIP" signature="testAddNewCustomer()[pri:0, instance:tests.NewCustomerTest@f5f2bb7]" name="testAddNewCustomer" duration-ms="0" started-at="2015-08-15T13:41:31Z" finished-at="2015-08-15T13:41:31Z">
          <reporter-output>
          </reporter-output>
        </test-method> <!-- testAddNewCustomer -->
      </class> <!-- tests.NewCustomerTest -->
      <class name="tests.NewAccountTest">
        <test-method status="SKIP" signature="testAddNewAccount()[pri:0, instance:tests.NewAccountTest@5f150435]" name="testAddNewAccount" duration-ms="0" started-at="2015-08-15T13:41:31Z" finished-at="2015-08-15T13:41:31Z">
          <reporter-output>
          </reporter-output>
        </test-method> <!-- testAddNewAccount -->
        <test-method status="SKIP" signature="testInvalidCustomerId()[pri:0, instance:tests.NewAccountTest@5f150435]" name="testInvalidCustomerId" duration-ms="0" started-at="2015-08-15T13:41:31Z" finished-at="2015-08-15T13:41:31Z">
          <reporter-output>
          </reporter-output>
        </test-method> <!-- testInvalidCustomerId -->
      </class> <!-- tests.NewAccountTest -->
      <class name="tests.CustomisedStatementTest">
        <test-method status="SKIP" signature="testInvalidAccountCuatomizedStatement()[pri:0, instance:tests.CustomisedStatementTest@75412c2f]" name="testInvalidAccountCuatomizedStatement" duration-ms="0" started-at="2015-08-15T13:41:31Z" finished-at="2015-08-15T13:41:31Z">
          <reporter-output>
          </reporter-output>
        </test-method> <!-- testInvalidAccountCuatomizedStatement -->
        <test-method status="SKIP" signature="testValidAccountCuatomizedStatement()[pri:0, instance:tests.CustomisedStatementTest@75412c2f]" name="testValidAccountCuatomizedStatement" duration-ms="0" started-at="2015-08-15T13:41:31Z" finished-at="2015-08-15T13:41:31Z">
          <reporter-output>
          </reporter-output>
        </test-method> <!-- testValidAccountCuatomizedStatement -->
      </class> <!-- tests.CustomisedStatementTest -->
      <class name="tests.MiniStatementTest">
        <test-method status="SKIP" signature="testInvalidAccountMiniStatementTest()[pri:0, instance:tests.MiniStatementTest@64c64813]" name="testInvalidAccountMiniStatementTest" duration-ms="0" started-at="2015-08-15T13:41:31Z" finished-at="2015-08-15T13:41:31Z">
          <reporter-output>
          </reporter-output>
        </test-method> <!-- testInvalidAccountMiniStatementTest -->
        <test-method status="SKIP" signature="testValidAccountMiniStatementTest()[pri:0, instance:tests.MiniStatementTest@64c64813]" name="testValidAccountMiniStatementTest" duration-ms="0" started-at="2015-08-15T13:41:31Z" finished-at="2015-08-15T13:41:31Z">
          <reporter-output>
          </reporter-output>
        </test-method> <!-- testValidAccountMiniStatementTest -->
      </class> <!-- tests.MiniStatementTest -->
      <class name="tests.DepositTest">
        <test-method status="SKIP" signature="testDepositInvalidAccount()[pri:0, instance:tests.DepositTest@77f03bb1]" name="testDepositInvalidAccount" duration-ms="0" started-at="2015-08-15T13:41:31Z" finished-at="2015-08-15T13:41:31Z">
          <reporter-output>
          </reporter-output>
        </test-method> <!-- testDepositInvalidAccount -->
        <test-method status="SKIP" signature="testDepositValidAccount()[pri:0, instance:tests.DepositTest@77f03bb1]" name="testDepositValidAccount" duration-ms="0" started-at="2015-08-15T13:41:31Z" finished-at="2015-08-15T13:41:31Z">
          <reporter-output>
          </reporter-output>
        </test-method> <!-- testDepositValidAccount -->
      </class> <!-- tests.DepositTest -->
      <class name="tests.DeleteCustomerTest">
        <test-method status="SKIP" signature="testDeleteCustomerDoesNotExist()[pri:0, instance:tests.DeleteCustomerTest@50cbc42f]" name="testDeleteCustomerDoesNotExist" duration-ms="0" started-at="2015-08-15T13:41:31Z" finished-at="2015-08-15T13:41:31Z">
          <reporter-output>
          </reporter-output>
        </test-method> <!-- testDeleteCustomerDoesNotExist -->
        <test-method status="SKIP" signature="testDeleteCustomer()[pri:0, instance:tests.DeleteCustomerTest@50cbc42f]" name="testDeleteCustomer" duration-ms="0" started-at="2015-08-15T13:41:31Z" finished-at="2015-08-15T13:41:31Z">
          <reporter-output>
          </reporter-output>
        </test-method> <!-- testDeleteCustomer -->
      </class> <!-- tests.DeleteCustomerTest -->
      <class name="tests.EditAccountTest">
        <test-method status="SKIP" signature="testChangeAccountType()[pri:0, instance:tests.EditAccountTest@282ba1e]" name="testChangeAccountType" duration-ms="0" started-at="2015-08-15T13:41:31Z" finished-at="2015-08-15T13:41:31Z">
          <reporter-output>
          </reporter-output>
        </test-method> <!-- testChangeAccountType -->
        <test-method status="SKIP" signature="testChangeAccountTypeNew()[pri:0, instance:tests.EditAccountTest@282ba1e]" name="testChangeAccountTypeNew" duration-ms="0" started-at="2015-08-15T13:41:31Z" finished-at="2015-08-15T13:41:31Z">
          <reporter-output>
          </reporter-output>
        </test-method> <!-- testChangeAccountTypeNew -->
      </class> <!-- tests.EditAccountTest -->
      <class name="tests.ManagerMenuTest">
        <test-method status="SKIP" signature="testClickBalanceEnquiryLink()[pri:0, instance:tests.ManagerMenuTest@3ecf72fd]" name="testClickBalanceEnquiryLink" duration-ms="0" started-at="2015-08-15T13:41:31Z" finished-at="2015-08-15T13:41:31Z">
          <reporter-output>
          </reporter-output>
        </test-method> <!-- testClickBalanceEnquiryLink -->
        <test-method status="SKIP" signature="testClickChangePasswordLink()[pri:0, instance:tests.ManagerMenuTest@3ecf72fd]" name="testClickChangePasswordLink" duration-ms="0" started-at="2015-08-15T13:41:31Z" finished-at="2015-08-15T13:41:31Z">
          <reporter-output>
          </reporter-output>
        </test-method> <!-- testClickChangePasswordLink -->
        <test-method status="SKIP" signature="testBlickManagerLink()[pri:0, instance:tests.ManagerMenuTest@3ecf72fd]" name="testBlickManagerLink" duration-ms="0" started-at="2015-08-15T13:41:31Z" finished-at="2015-08-15T13:41:31Z">
          <reporter-output>
          </reporter-output>
        </test-method> <!-- testBlickManagerLink -->
        <test-method status="SKIP" signature="testClickDeleteAccountLink()[pri:0, instance:tests.ManagerMenuTest@3ecf72fd]" name="testClickDeleteAccountLink" duration-ms="0" started-at="2015-08-15T13:41:31Z" finished-at="2015-08-15T13:41:31Z">
          <reporter-output>
          </reporter-output>
        </test-method> <!-- testClickDeleteAccountLink -->
        <test-method status="SKIP" signature="testClickDeleteCustomerLink()[pri:0, instance:tests.ManagerMenuTest@3ecf72fd]" name="testClickDeleteCustomerLink" duration-ms="0" started-at="2015-08-15T13:41:31Z" finished-at="2015-08-15T13:41:31Z">
          <reporter-output>
          </reporter-output>
        </test-method> <!-- testClickDeleteCustomerLink -->
        <test-method status="SKIP" signature="testClickDepositLink()[pri:0, instance:tests.ManagerMenuTest@3ecf72fd]" name="testClickDepositLink" duration-ms="0" started-at="2015-08-15T13:41:31Z" finished-at="2015-08-15T13:41:31Z">
          <reporter-output>
          </reporter-output>
        </test-method> <!-- testClickDepositLink -->
        <test-method status="SKIP" signature="testClickCustomisedStatementLink()[pri:0, instance:tests.ManagerMenuTest@3ecf72fd]" name="testClickCustomisedStatementLink" duration-ms="0" started-at="2015-08-15T13:41:31Z" finished-at="2015-08-15T13:41:31Z">
          <reporter-output>
          </reporter-output>
        </test-method> <!-- testClickCustomisedStatementLink -->
        <test-method status="SKIP" signature="testClickMiniStatementLink()[pri:0, instance:tests.ManagerMenuTest@3ecf72fd]" name="testClickMiniStatementLink" duration-ms="0" started-at="2015-08-15T13:41:31Z" finished-at="2015-08-15T13:41:31Z">
          <reporter-output>
          </reporter-output>
        </test-method> <!-- testClickMiniStatementLink -->
        <test-method status="SKIP" signature="testClickEditAccountLink()[pri:0, instance:tests.ManagerMenuTest@3ecf72fd]" name="testClickEditAccountLink" duration-ms="0" started-at="2015-08-15T13:41:31Z" finished-at="2015-08-15T13:41:31Z">
          <reporter-output>
          </reporter-output>
        </test-method> <!-- testClickEditAccountLink -->
        <test-method status="SKIP" signature="testClickEditCustomerLinkLink()[pri:0, instance:tests.ManagerMenuTest@3ecf72fd]" name="testClickEditCustomerLinkLink" duration-ms="0" started-at="2015-08-15T13:41:31Z" finished-at="2015-08-15T13:41:31Z">
          <reporter-output>
          </reporter-output>
        </test-method> <!-- testClickEditCustomerLinkLink -->
        <test-method status="SKIP" signature="testClickFundTransferLink()[pri:0, instance:tests.ManagerMenuTest@3ecf72fd]" name="testClickFundTransferLink" duration-ms="0" started-at="2015-08-15T13:41:31Z" finished-at="2015-08-15T13:41:31Z">
          <reporter-output>
          </reporter-output>
        </test-method> <!-- testClickFundTransferLink -->
        <test-method status="SKIP" signature="testClickNewCustomerLink()[pri:0, instance:tests.ManagerMenuTest@3ecf72fd]" name="testClickNewCustomerLink" duration-ms="0" started-at="2015-08-15T13:41:31Z" finished-at="2015-08-15T13:41:31Z">
          <reporter-output>
          </reporter-output>
        </test-method> <!-- testClickNewCustomerLink -->
        <test-method status="SKIP" signature="testClickWithdrawalLink()[pri:0, instance:tests.ManagerMenuTest@3ecf72fd]" name="testClickWithdrawalLink" duration-ms="0" started-at="2015-08-15T13:41:31Z" finished-at="2015-08-15T13:41:31Z">
          <reporter-output>
          </reporter-output>
        </test-method> <!-- testClickWithdrawalLink -->
        <test-method status="SKIP" signature="testClickNewAccountLink()[pri:0, instance:tests.ManagerMenuTest@3ecf72fd]" name="testClickNewAccountLink" duration-ms="0" started-at="2015-08-15T13:41:31Z" finished-at="2015-08-15T13:41:31Z">
          <reporter-output>
          </reporter-output>
        </test-method> <!-- testClickNewAccountLink -->
      </class> <!-- tests.ManagerMenuTest -->
      <class name="tests.FundTransferTest">
        <test-method status="SKIP" signature="testInvalidFundTransfer()[pri:0, instance:tests.FundTransferTest@13b6d03]" name="testInvalidFundTransfer" duration-ms="0" started-at="2015-08-15T13:41:31Z" finished-at="2015-08-15T13:41:31Z">
          <reporter-output>
          </reporter-output>
        </test-method> <!-- testInvalidFundTransfer -->
        <test-method status="SKIP" signature="testValidFundTransfer()[pri:0, instance:tests.FundTransferTest@13b6d03]" name="testValidFundTransfer" duration-ms="0" started-at="2015-08-15T13:41:31Z" finished-at="2015-08-15T13:41:31Z">
          <reporter-output>
          </reporter-output>
        </test-method> <!-- testValidFundTransfer -->
      </class> <!-- tests.FundTransferTest -->
      <class name="tests.LogInTest">
        <test-method status="SKIP" signature="testClassSetup()[pri:0, instance:tests.LogInTest@483bf400]" name="testClassSetup" is-config="true" duration-ms="0" started-at="2015-08-15T13:41:31Z" finished-at="2015-08-15T13:41:31Z">
          <reporter-output>
          </reporter-output>
        </test-method> <!-- testClassSetup -->
        <test-method status="SKIP" signature="testLoginBlankUsernamePassword()[pri:0, instance:tests.LogInTest@483bf400]" name="testLoginBlankUsernamePassword" duration-ms="0" started-at="2015-08-15T13:41:31Z" finished-at="2015-08-15T13:41:31Z">
          <reporter-output>
          </reporter-output>
        </test-method> <!-- testLoginBlankUsernamePassword -->
        <test-method status="SKIP" signature="testClickGenerateAccess()[pri:0, instance:tests.LogInTest@483bf400]" name="testClickGenerateAccess" duration-ms="0" started-at="2015-08-15T13:41:31Z" finished-at="2015-08-15T13:41:31Z">
          <reporter-output>
          </reporter-output>
        </test-method> <!-- testClickGenerateAccess -->
        <test-method status="SKIP" signature="testValidLogIn()[pri:0, instance:tests.LogInTest@483bf400]" name="testValidLogIn" duration-ms="0" started-at="2015-08-15T13:41:31Z" finished-at="2015-08-15T13:41:31Z">
          <reporter-output>
          </reporter-output>
        </test-method> <!-- testValidLogIn -->
        <test-method status="SKIP" signature="testLoginInvalidUsernamePassword()[pri:0, instance:tests.LogInTest@483bf400]" name="testLoginInvalidUsernamePassword" duration-ms="0" started-at="2015-08-15T13:41:31Z" finished-at="2015-08-15T13:41:31Z">
          <reporter-output>
          </reporter-output>
        </test-method> <!-- testLoginInvalidUsernamePassword -->
        <test-method status="SKIP" signature="testLoginEmptyUsernamePassword()[pri:0, instance:tests.LogInTest@483bf400]" name="testLoginEmptyUsernamePassword" duration-ms="0" started-at="2015-08-15T13:41:31Z" finished-at="2015-08-15T13:41:31Z">
          <reporter-output>
          </reporter-output>
        </test-method> <!-- testLoginEmptyUsernamePassword -->
      </class> <!-- tests.LogInTest -->
      <class name="tests.EditCustomerTest">
        <test-method status="SKIP" signature="testEditCustomerChangeAddress()[pri:0, instance:tests.EditCustomerTest@21a06946]" name="testEditCustomerChangeAddress" duration-ms="0" started-at="2015-08-15T13:41:31Z" finished-at="2015-08-15T13:41:31Z">
          <reporter-output>
          </reporter-output>
        </test-method> <!-- testEditCustomerChangeAddress -->
        <test-method status="SKIP" signature="testEditCustomerChangeAddressNo()[pri:0, instance:tests.EditCustomerTest@21a06946]" name="testEditCustomerChangeAddressNo" duration-ms="0" started-at="2015-08-15T13:41:31Z" finished-at="2015-08-15T13:41:31Z">
          <reporter-output>
          </reporter-output>
        </test-method> <!-- testEditCustomerChangeAddressNo -->
      </class> <!-- tests.EditCustomerTest -->
      <class name="tests.WithdrawTest">
        <test-method status="FAIL" signature="testSetUp()[pri:0, instance:tests.WithdrawTest@6979e8cb]" name="testSetUp" is-config="true" duration-ms="0" started-at="2015-08-15T13:41:23Z" finished-at="2015-08-15T13:41:23Z">
          <exception class="java.io.FileNotFoundException">
            <message>
              <![CDATA[/Users/Zakia/git/LocalGuru99Bank/Guru99Bank/src/testData/Workbook4.xls (No such file or directory)]]>
            </message>
            <full-stacktrace>
              <![CDATA[java.io.FileNotFoundException: /Users/Zakia/git/LocalGuru99Bank/Guru99Bank/src/testData/Workbook4.xls (No such file or directory)
	at java.io.FileInputStream.open0(Native Method)
	at java.io.FileInputStream.open(FileInputStream.java:195)
	at java.io.FileInputStream.<init>(FileInputStream.java:138)
	at java.io.FileInputStream.<init>(FileInputStream.java:93)
	at util.ReadData.readDataFromExcel(Unknown Source)
	at base.TestBase.testSetUp(Unknown Source)
	at sun.reflect.NativeMethodAccessorImpl.invoke0(Native Method)
	at sun.reflect.NativeMethodAccessorImpl.invoke(NativeMethodAccessorImpl.java:62)
	at sun.reflect.DelegatingMethodAccessorImpl.invoke(DelegatingMethodAccessorImpl.java:43)
	at java.lang.reflect.Method.invoke(Method.java:497)
	at org.testng.internal.MethodInvocationHelper.invokeMethod(MethodInvocationHelper.java:84)
	at org.testng.internal.Invoker.invokeConfigurationMethod(Invoker.java:564)
	at org.testng.internal.Invoker.invokeConfigurations(Invoker.java:213)
	at org.testng.internal.Invoker.invokeConfigurations(Invoker.java:138)
	at org.testng.TestRunner.beforeRun(TestRunner.java:641)
	at org.testng.TestRunner.run(TestRunner.java:609)
	at org.testng.SuiteRunner.runTest(SuiteRunner.java:334)
	at org.testng.SuiteRunner.runSequentially(SuiteRunner.java:329)
	at org.testng.SuiteRunner.privateRun(SuiteRunner.java:291)
	at org.testng.SuiteRunner.run(SuiteRunner.java:240)
	at org.testng.SuiteRunnerWorker.runSuite(SuiteRunnerWorker.java:52)
	at org.testng.SuiteRunnerWorker.run(SuiteRunnerWorker.java:86)
	at org.testng.TestNG.runSuitesSequentially(TestNG.java:1224)
	at org.testng.TestNG.runSuitesLocally(TestNG.java:1149)
	at org.testng.TestNG.run(TestNG.java:1057)
	at org.testng.TestNG.privateMain(TestNG.java:1364)
	at org.testng.TestNG.main(TestNG.java:1333)
]]>
            </full-stacktrace>
          </exception> <!-- java.io.FileNotFoundException -->
          <reporter-output>
          </reporter-output>
        </test-method> <!-- testSetUp -->
        <test-method status="SKIP" signature="testWithdrawInvalidAccount()[pri:0, instance:tests.WithdrawTest@6979e8cb]" name="testWithdrawInvalidAccount" duration-ms="0" started-at="2015-08-15T13:41:31Z" finished-at="2015-08-15T13:41:31Z">
          <reporter-output>
          </reporter-output>
        </test-method> <!-- testWithdrawInvalidAccount -->
        <test-method status="SKIP" signature="testWithdrawValidAccount()[pri:0, instance:tests.WithdrawTest@6979e8cb]" name="testWithdrawValidAccount" duration-ms="0" started-at="2015-08-15T13:41:31Z" finished-at="2015-08-15T13:41:31Z">
          <reporter-output>
          </reporter-output>
        </test-method> <!-- testWithdrawValidAccount -->
      </class> <!-- tests.WithdrawTest -->
    </test> <!-- Regrassion Test -->
  </suite> <!-- Guru 99 Bank -->
</testng-results>
