<?xml version="1.0" encoding="UTF-8"?>
<!-- Generated by org.testng.reporters.JUnitXMLReporter -->
<testsuite hostname="Mds-MacBook-Pro.home" name="Regrassion Test 2" tests="15" failures="0" timestamp="15 Jul 2015 07:17:27 GMT" time="8.815" errors="0">
  <testcase name="testBlickManagerLink" time="0.717" classname="tests.ManagerMenuTest"/>
  <testcase name="testClickBalanceEnquiryLink" time="0.21" classname="tests.ManagerMenuTest"/>
  <testcase name="testClickChangePasswordLink" time="0.166" classname="tests.ManagerMenuTest"/>
  <testcase name="testClickCustomisedStatementLink" time="0.261" classname="tests.ManagerMenuTest"/>
  <testcase name="testClickDeleteAccountLink" time="0.193" classname="tests.ManagerMenuTest"/>
  <testcase name="testClickDeleteCustomerLink" time="0.184" classname="tests.ManagerMenuTest"/>
  <testcase name="testClickDepositLink" time="0.203" classname="tests.ManagerMenuTest"/>
  <testcase name="testClickEditAccountLink" time="0.222" classname="tests.ManagerMenuTest"/>
  <testcase name="testClickEditCustomerLinkLink" time="0.175" classname="tests.ManagerMenuTest"/>
  <testcase name="testClickFundTransferLink" time="0.191" classname="tests.ManagerMenuTest"/>
  <testcase name="testClickMiniStatementLink" time="0.188" classname="tests.ManagerMenuTest"/>
  <testcase name="testClickNewAccountLink" time="0.138" classname="tests.ManagerMenuTest"/>
  <testcase name="testClickNewCustomerLink" time="0.132" classname="tests.ManagerMenuTest"/>
  <testcase name="testClickWithdrawalLink" time="0.202" classname="tests.ManagerMenuTest"/>
  <testcase name="testLogOutLink" time="0.967" classname="tests.ManagerMenuTest"/>
</testsuite> <!-- Regrassion Test 2 -->
