<?xml version="1.0" encoding="UTF-8"?>
<testng-results skipped="5" failed="0" total="5" passed="0">
  <reporter-output>
  </reporter-output>
  <suite name="Default suite" duration-ms="2852" started-at="2015-08-13T23:31:07Z" finished-at="2015-08-13T23:31:10Z">
    <groups>
    </groups>
    <test name="Default test" duration-ms="2852" started-at="2015-08-13T23:31:07Z" finished-at="2015-08-13T23:31:10Z">
      <class name="tests.LogInTest">
        <test-method status="PASS" signature="testSetUp()[pri:0, instance:tests.LogInTest@39117085]" name="testSetUp" is-config="true" duration-ms="2025" started-at="2015-08-13T19:31:07Z" finished-at="2015-08-13T19:31:09Z">
          <reporter-output>
          </reporter-output>
        </test-method> <!-- testSetUp -->
        <test-method status="FAIL" signature="testClassSetup()[pri:0, instance:tests.LogInTest@39117085]" name="testClassSetup" is-config="true" duration-ms="0" started-at="2015-08-13T19:31:09Z" finished-at="2015-08-13T19:31:09Z">
          <exception class="org.openqa.selenium.UnhandledAlertException">
            <message>
              <![CDATA[A modal dialog was opened. The SafariDriver does not support interacting with modal dialogs. To avoid hanging your test, the alert has been dismissed. For more information, see http://code.google.com/p/selenium/issues/detail?id=3862: You Have Succesfully Logged Out!!
Build info: version: '2.47.1', revision: '411b314', time: '2015-07-30 03:03:16'
System info: host: 'Mds-MacBook-Pro.home', ip: '192.168.1.4', os.name: 'Mac OS X', os.arch: 'x86_64', os.version: '10.10.4', java.version: '1.7.0_71'
Session ID: null
Driver info: org.openqa.selenium.safari.SafariDriver
Capabilities [{platform=MAC, cssSelectorsEnabled=true, javascriptEnabled=true, secureSsl=true, browserName=safari, takesScreenshot=true, version=8.0.7}]]]>
            </message>
            <full-stacktrace>
              <![CDATA[org.openqa.selenium.UnhandledAlertException: A modal dialog was opened. The SafariDriver does not support interacting with modal dialogs. To avoid hanging your test, the alert has been dismissed. For more information, see http://code.google.com/p/selenium/issues/detail?id=3862: You Have Succesfully Logged Out!!
Build info: version: '2.47.1', revision: '411b314', time: '2015-07-30 03:03:16'
System info: host: 'Mds-MacBook-Pro.home', ip: '192.168.1.4', os.name: 'Mac OS X', os.arch: 'x86_64', os.version: '10.10.4', java.version: '1.7.0_71'
Session ID: null
Driver info: org.openqa.selenium.safari.SafariDriver
Capabilities [{platform=MAC, cssSelectorsEnabled=true, javascriptEnabled=true, secureSsl=true, browserName=safari, takesScreenshot=true, version=8.0.7}]
	at sun.reflect.NativeConstructorAccessorImpl.newInstance0(Native Method)
	at sun.reflect.NativeConstructorAccessorImpl.newInstance(NativeConstructorAccessorImpl.java:57)
	at sun.reflect.DelegatingConstructorAccessorImpl.newInstance(DelegatingConstructorAccessorImpl.java:45)
	at java.lang.reflect.Constructor.newInstance(Constructor.java:526)
	at org.openqa.selenium.remote.ErrorHandler.createThrowable(ErrorHandler.java:206)
	at org.openqa.selenium.remote.ErrorHandler.createUnhandledAlertException(ErrorHandler.java:187)
	at org.openqa.selenium.remote.ErrorHandler.throwIfResponseFailed(ErrorHandler.java:154)
	at org.openqa.selenium.remote.RemoteWebDriver.execute(RemoteWebDriver.java:595)
	at org.openqa.selenium.remote.RemoteWebDriver.execute(RemoteWebDriver.java:618)
	at org.openqa.selenium.remote.RemoteWebDriver$RemoteTargetLocator.alert(RemoteWebDriver.java:912)
	at org.openqa.selenium.support.ui.ExpectedConditions$28.apply(ExpectedConditions.java:820)
	at org.openqa.selenium.support.ui.ExpectedConditions$28.apply(ExpectedConditions.java:1)
	at org.openqa.selenium.support.ui.FluentWait.until(FluentWait.java:209)
	at base.PageBase.handleAlert(PageBase.java:37)
	at tests.LogInTest.testClassSetup(LogInTest.java:17)
	at sun.reflect.NativeMethodAccessorImpl.invoke0(Native Method)
	at sun.reflect.NativeMethodAccessorImpl.invoke(NativeMethodAccessorImpl.java:57)
	at sun.reflect.DelegatingMethodAccessorImpl.invoke(DelegatingMethodAccessorImpl.java:43)
	at java.lang.reflect.Method.invoke(Method.java:606)
	at org.testng.internal.MethodInvocationHelper.invokeMethod(MethodInvocationHelper.java:84)
	at org.testng.internal.Invoker.invokeConfigurationMethod(Invoker.java:564)
	at org.testng.internal.Invoker.invokeConfigurations(Invoker.java:213)
	at org.testng.internal.Invoker.invokeConfigurations(Invoker.java:138)
	at org.testng.internal.TestMethodWorker.invokeBeforeClassMethods(TestMethodWorker.java:175)
	at org.testng.internal.TestMethodWorker.run(TestMethodWorker.java:107)
	at org.testng.TestRunner.privateRun(TestRunner.java:767)
	at org.testng.TestRunner.run(TestRunner.java:617)
	at org.testng.SuiteRunner.runTest(SuiteRunner.java:334)
	at org.testng.SuiteRunner.runSequentially(SuiteRunner.java:329)
	at org.testng.SuiteRunner.privateRun(SuiteRunner.java:291)
	at org.testng.SuiteRunner.run(SuiteRunner.java:240)
	at org.testng.SuiteRunnerWorker.runSuite(SuiteRunnerWorker.java:52)
	at org.testng.SuiteRunnerWorker.run(SuiteRunnerWorker.java:86)
	at org.testng.TestNG.runSuitesSequentially(TestNG.java:1224)
	at org.testng.TestNG.runSuitesLocally(TestNG.java:1149)
	at org.testng.TestNG.run(TestNG.java:1057)
	at org.testng.remote.RemoteTestNG.run(RemoteTestNG.java:111)
	at org.testng.remote.RemoteTestNG.initAndRun(RemoteTestNG.java:204)
	at org.testng.remote.RemoteTestNG.main(RemoteTestNG.java:175)
]]>
            </full-stacktrace>
          </exception> <!-- org.openqa.selenium.UnhandledAlertException -->
          <reporter-output>
          </reporter-output>
        </test-method> <!-- testClassSetup -->
        <test-method status="SKIP" signature="testClickGenerateAccess()[pri:0, instance:tests.LogInTest@39117085]" name="testClickGenerateAccess" duration-ms="1" started-at="2015-08-13T19:31:10Z" finished-at="2015-08-13T19:31:10Z">
          <reporter-output>
          </reporter-output>
        </test-method> <!-- testClickGenerateAccess -->
        <test-method status="SKIP" signature="testLoginBlankUsernamePassword()[pri:0, instance:tests.LogInTest@39117085]" name="testLoginBlankUsernamePassword" duration-ms="0" started-at="2015-08-13T19:31:10Z" finished-at="2015-08-13T19:31:10Z">
          <reporter-output>
          </reporter-output>
        </test-method> <!-- testLoginBlankUsernamePassword -->
        <test-method status="SKIP" signature="testLoginEmptyUsernamePassword()[pri:0, instance:tests.LogInTest@39117085]" name="testLoginEmptyUsernamePassword" duration-ms="1" started-at="2015-08-13T19:31:10Z" finished-at="2015-08-13T19:31:10Z">
          <reporter-output>
          </reporter-output>
        </test-method> <!-- testLoginEmptyUsernamePassword -->
        <test-method status="SKIP" signature="testLoginInvalidUsernamePassword()[pri:0, instance:tests.LogInTest@39117085]" name="testLoginInvalidUsernamePassword" duration-ms="1" started-at="2015-08-13T19:31:10Z" finished-at="2015-08-13T19:31:10Z">
          <reporter-output>
          </reporter-output>
        </test-method> <!-- testLoginInvalidUsernamePassword -->
        <test-method status="SKIP" signature="testValidLogIn()[pri:0, instance:tests.LogInTest@39117085]" name="testValidLogIn" duration-ms="1" started-at="2015-08-13T19:31:10Z" finished-at="2015-08-13T19:31:10Z">
          <reporter-output>
          </reporter-output>
        </test-method> <!-- testValidLogIn -->
      </class> <!-- tests.LogInTest -->
    </test> <!-- Default test -->
  </suite> <!-- Default suite -->
</testng-results>
