<?xml version="1.0" encoding="UTF-8"?>
<testng-results skipped="0" failed="0" total="5" passed="5">
  <reporter-output>
  </reporter-output>
  <suite name="Default suite" duration-ms="12784" started-at="2015-08-25T03:15:29Z" finished-at="2015-08-25T03:15:42Z">
    <groups>
    </groups>
    <test name="Default test" duration-ms="12784" started-at="2015-08-25T03:15:29Z" finished-at="2015-08-25T03:15:42Z">
      <class name="tests.LogInTest">
        <test-method status="PASS" signature="testSetUp()[pri:0, instance:tests.LogInTest@1d6e5ecb]" name="testSetUp" is-config="true" duration-ms="5958" started-at="2015-08-24T23:15:29Z" finished-at="2015-08-24T23:15:35Z">
          <reporter-output>
          </reporter-output>
        </test-method> <!-- testSetUp -->
        <test-method status="PASS" signature="testClassSetup()[pri:0, instance:tests.LogInTest@1d6e5ecb]" name="testClassSetup" is-config="true" duration-ms="1170" started-at="2015-08-24T23:15:35Z" finished-at="2015-08-24T23:15:36Z">
          <reporter-output>
          </reporter-output>
        </test-method> <!-- testClassSetup -->
        <test-method status="PASS" signature="testClickGenerateAccess()[pri:0, instance:tests.LogInTest@1d6e5ecb]" name="testClickGenerateAccess" duration-ms="528" started-at="2015-08-24T23:15:36Z" finished-at="2015-08-24T23:15:37Z">
          <reporter-output>
          </reporter-output>
        </test-method> <!-- testClickGenerateAccess -->
        <test-method status="PASS" signature="testLoginBlankUsernamePassword()[pri:0, instance:tests.LogInTest@1d6e5ecb]" name="testLoginBlankUsernamePassword" duration-ms="1186" started-at="2015-08-24T23:15:37Z" finished-at="2015-08-24T23:15:38Z">
          <reporter-output>
          </reporter-output>
        </test-method> <!-- testLoginBlankUsernamePassword -->
        <test-method status="PASS" signature="testLoginEmptyUsernamePassword()[pri:0, instance:tests.LogInTest@1d6e5ecb]" name="testLoginEmptyUsernamePassword" duration-ms="1076" started-at="2015-08-24T23:15:38Z" finished-at="2015-08-24T23:15:39Z">
          <reporter-output>
          </reporter-output>
        </test-method> <!-- testLoginEmptyUsernamePassword -->
        <test-method status="PASS" signature="testLoginInvalidUsernamePassword()[pri:0, instance:tests.LogInTest@1d6e5ecb]" name="testLoginInvalidUsernamePassword" duration-ms="1209" started-at="2015-08-24T23:15:39Z" finished-at="2015-08-24T23:15:40Z">
          <reporter-output>
          </reporter-output>
        </test-method> <!-- testLoginInvalidUsernamePassword -->
        <test-method status="PASS" signature="testValidLogIn()[pri:0, instance:tests.LogInTest@1d6e5ecb]" name="testValidLogIn" duration-ms="1633" started-at="2015-08-24T23:15:40Z" finished-at="2015-08-24T23:15:42Z">
          <reporter-output>
          </reporter-output>
        </test-method> <!-- testValidLogIn -->
      </class> <!-- tests.LogInTest -->
    </test> <!-- Default test -->
  </suite> <!-- Default suite -->
</testng-results>
